{"/Users/eleonorevoisin/web-app/src/App.vue": {"path":"/Users/eleonorevoisin/web-app/src/App.vue","statementMap":{"0":{"start":{"line":14,"column":0},"end":{"line":null,"column":-1}},"1":{"start":{"line":15,"column":0},"end":{"line":null,"column":-1}},"2":{"start":{"line":16,"column":0},"end":{"line":null,"column":-1}}},"fnMap":{"0":{"name":"$route","decl":{"start":{"line":13,"column":0},"end":{"line":null,"column":-1}},"loc":{"start":{"line":13,"column":0},"end":{"line":17,"column":0}}}},"branchMap":{"0":{"loc":{"start":{"line":16,"column":0},"end":{"line":null,"column":-1}},"type":"cond-expr","locations":[{"start":{"line":16,"column":0},"end":{"line":null,"column":-1}},{"start":{"line":16,"column":0},"end":{"line":null,"column":-1}}]}},"s":{"0":0,"1":0,"2":0},"f":{"0":0},"b":{"0":[0,0]}}
,"/Users/eleonorevoisin/web-app/src/Arrondissements.vue": {"path":"/Users/eleonorevoisin/web-app/src/Arrondissements.vue","statementMap":{"0":{"start":{"line":28,"column":0},"end":{"line":null,"column":-1}}},"fnMap":{},"branchMap":{},"s":{"0":0},"f":{},"b":{}}
,"/Users/eleonorevoisin/web-app/src/Home.vue": {"path":"/Users/eleonorevoisin/web-app/src/Home.vue","statementMap":{"0":{"start":{"line":121,"column":0},"end":{"line":null,"column":-1}},"1":{"start":{"line":123,"column":0},"end":{"line":null,"column":-1}},"2":{"start":{"line":124,"column":0},"end":{"line":null,"column":-1}},"3":{"start":{"line":126,"column":0},"end":{"line":null,"column":-1}},"4":{"start":{"line":136,"column":0},"end":{"line":null,"column":-1}},"5":{"start":{"line":155,"column":0},"end":{"line":null,"column":-1}},"6":{"start":{"line":159,"column":0},"end":{"line":null,"column":-1}},"7":{"start":{"line":160,"column":0},"end":{"line":null,"column":-1}},"8":{"start":{"line":162,"column":0},"end":{"line":null,"column":-1}},"9":{"start":{"line":163,"column":0},"end":{"line":null,"column":-1}},"10":{"start":{"line":164,"column":0},"end":{"line":null,"column":-1}},"11":{"start":{"line":165,"column":0},"end":{"line":null,"column":-1}},"12":{"start":{"line":166,"column":0},"end":{"line":null,"column":-1}},"13":{"start":{"line":167,"column":0},"end":{"line":170,"column":0}},"14":{"start":{"line":168,"column":0},"end":{"line":null,"column":-1}},"15":{"start":{"line":177,"column":0},"end":{"line":null,"column":-1}},"16":{"start":{"line":180,"column":0},"end":{"line":184,"column":0}},"17":{"start":{"line":181,"column":0},"end":{"line":null,"column":-1}},"18":{"start":{"line":183,"column":0},"end":{"line":null,"column":-1}},"19":{"start":{"line":185,"column":0},"end":{"line":null,"column":-1}}},"fnMap":{"0":{"name":"data","decl":{"start":{"line":135,"column":0},"end":{"line":null,"column":-1}},"loc":{"start":{"line":135,"column":0},"end":{"line":153,"column":0}}},"1":{"name":"created","decl":{"start":{"line":154,"column":0},"end":{"line":null,"column":-1}},"loc":{"start":{"line":154,"column":0},"end":{"line":156,"column":0}}},"2":{"name":"getListing","decl":{"start":{"line":158,"column":0},"end":{"line":null,"column":-1}},"loc":{"start":{"line":158,"column":0},"end":{"line":174,"column":0}}},"3":{"name":"(anonymous_5)","decl":{"start":{"line":167,"column":0},"end":{"line":null,"column":-1}},"loc":{"start":{"line":167,"column":0},"end":{"line":170,"column":0}}},"4":{"name":"openPlayer","decl":{"start":{"line":176,"column":0},"end":{"line":null,"column":-1}},"loc":{"start":{"line":176,"column":0},"end":{"line":178,"column":0}}},"5":{"name":"getName","decl":{"start":{"line":179,"column":0},"end":{"line":null,"column":-1}},"loc":{"start":{"line":179,"column":0},"end":{"line":186,"column":0}}}},"branchMap":{"0":{"loc":{"start":{"line":180,"column":0},"end":{"line":184,"column":0}},"type":"if","locations":[{"start":{"line":180,"column":0},"end":{"line":184,"column":0}},{"start":{"line":180,"column":0},"end":{"line":184,"column":0}}]},"1":{"loc":{"start":{"line":181,"column":0},"end":{"line":null,"column":-1}},"type":"cond-expr","locations":[{"start":{"line":181,"column":0},"end":{"line":null,"column":-1}},{"start":{"line":181,"column":0},"end":{"line":null,"column":-1}}]}},"s":{"0":0,"1":0,"2":0,"3":0,"4":0,"5":0,"6":0,"7":0,"8":0,"9":0,"10":0,"11":0,"12":0,"13":0,"14":0,"15":0,"16":0,"17":0,"18":0,"19":0},"f":{"0":0,"1":0,"2":0,"3":0,"4":0,"5":0},"b":{"0":[0,0],"1":[0,0]}}
,"/Users/eleonorevoisin/web-app/src/Index.vue": {"path":"/Users/eleonorevoisin/web-app/src/Index.vue","statementMap":{"0":{"start":{"line":25,"column":0},"end":{"line":null,"column":-1}}},"fnMap":{"0":{"name":"data","decl":{"start":{"line":24,"column":0},"end":{"line":null,"column":-1}},"loc":{"start":{"line":24,"column":0},"end":{"line":29,"column":0}}}},"branchMap":{},"s":{"0":0},"f":{"0":0},"b":{}}
,"/Users/eleonorevoisin/web-app/src/MusicList.vue": {"path":"/Users/eleonorevoisin/web-app/src/MusicList.vue","statementMap":{"0":{"start":{"line":85,"column":0},"end":{"line":null,"column":-1}},"1":{"start":{"line":86,"column":0},"end":{"line":null,"column":-1}},"2":{"start":{"line":88,"column":0},"end":{"line":null,"column":-1}},"3":{"start":{"line":89,"column":0},"end":{"line":null,"column":-1}},"4":{"start":{"line":91,"column":0},"end":{"line":null,"column":-1}},"5":{"start":{"line":102,"column":0},"end":{"line":null,"column":-1}},"6":{"start":{"line":121,"column":0},"end":{"line":null,"column":-1}},"7":{"start":{"line":125,"column":0},"end":{"line":null,"column":-1}},"8":{"start":{"line":126,"column":0},"end":{"line":null,"column":-1}},"9":{"start":{"line":128,"column":0},"end":{"line":140,"column":0}},"10":{"start":{"line":129,"column":0},"end":{"line":null,"column":-1}},"11":{"start":{"line":130,"column":0},"end":{"line":null,"column":-1}},"12":{"start":{"line":131,"column":0},"end":{"line":null,"column":-1}},"13":{"start":{"line":132,"column":0},"end":{"line":null,"column":-1}},"14":{"start":{"line":133,"column":0},"end":{"line":null,"column":-1}},"15":{"start":{"line":134,"column":0},"end":{"line":137,"column":0}},"16":{"start":{"line":135,"column":0},"end":{"line":null,"column":-1}},"17":{"start":{"line":144,"column":0},"end":{"line":null,"column":-1}},"18":{"start":{"line":147,"column":0},"end":{"line":151,"column":0}},"19":{"start":{"line":148,"column":0},"end":{"line":null,"column":-1}},"20":{"start":{"line":150,"column":0},"end":{"line":null,"column":-1}},"21":{"start":{"line":152,"column":0},"end":{"line":null,"column":-1}},"22":{"start":{"line":157,"column":0},"end":{"line":null,"column":-1}}},"fnMap":{"0":{"name":"data","decl":{"start":{"line":101,"column":0},"end":{"line":null,"column":-1}},"loc":{"start":{"line":101,"column":0},"end":{"line":119,"column":0}}},"1":{"name":"created","decl":{"start":{"line":120,"column":0},"end":{"line":null,"column":-1}},"loc":{"start":{"line":120,"column":0},"end":{"line":122,"column":0}}},"2":{"name":"getListing","decl":{"start":{"line":124,"column":0},"end":{"line":null,"column":-1}},"loc":{"start":{"line":124,"column":0},"end":{"line":141,"column":0}}},"3":{"name":"(anonymous_5)","decl":{"start":{"line":134,"column":0},"end":{"line":null,"column":-1}},"loc":{"start":{"line":134,"column":0},"end":{"line":137,"column":0}}},"4":{"name":"openPlayer","decl":{"start":{"line":143,"column":0},"end":{"line":null,"column":-1}},"loc":{"start":{"line":143,"column":0},"end":{"line":145,"column":0}}},"5":{"name":"getName","decl":{"start":{"line":146,"column":0},"end":{"line":null,"column":-1}},"loc":{"start":{"line":146,"column":0},"end":{"line":153,"column":0}}},"6":{"name":"$routeParamsId","decl":{"start":{"line":156,"column":0},"end":{"line":null,"column":-1}},"loc":{"start":{"line":156,"column":0},"end":{"line":158,"column":0}}}},"branchMap":{"0":{"loc":{"start":{"line":128,"column":0},"end":{"line":140,"column":0}},"type":"if","locations":[{"start":{"line":128,"column":0},"end":{"line":140,"column":0}},{"start":{"line":128,"column":0},"end":{"line":140,"column":0}}]},"1":{"loc":{"start":{"line":147,"column":0},"end":{"line":151,"column":0}},"type":"if","locations":[{"start":{"line":147,"column":0},"end":{"line":151,"column":0}},{"start":{"line":147,"column":0},"end":{"line":151,"column":0}}]},"2":{"loc":{"start":{"line":148,"column":0},"end":{"line":null,"column":-1}},"type":"cond-expr","locations":[{"start":{"line":148,"column":0},"end":{"line":null,"column":-1}},{"start":{"line":148,"column":0},"end":{"line":null,"column":-1}}]}},"s":{"0":0,"1":0,"2":0,"3":0,"4":0,"5":0,"6":0,"7":0,"8":0,"9":0,"10":0,"11":0,"12":0,"13":0,"14":0,"15":0,"16":0,"17":0,"18":0,"19":0,"20":0,"21":0,"22":0},"f":{"0":0,"1":0,"2":0,"3":0,"4":0,"5":0,"6":0},"b":{"0":[0,0],"1":[0,0],"2":[0,0]}}
,"/Users/eleonorevoisin/web-app/src/Profil.vue": {"path":"/Users/eleonorevoisin/web-app/src/Profil.vue","statementMap":{"0":{"start":{"line":41,"column":0},"end":{"line":null,"column":-1}},"1":{"start":{"line":42,"column":0},"end":{"line":null,"column":-1}},"2":{"start":{"line":51,"column":0},"end":{"line":null,"column":-1}}},"fnMap":{"0":{"name":"data","decl":{"start":{"line":50,"column":0},"end":{"line":null,"column":-1}},"loc":{"start":{"line":50,"column":0},"end":{"line":55,"column":0}}}},"branchMap":{},"s":{"0":0,"1":0,"2":0},"f":{"0":0},"b":{}}
,"/Users/eleonorevoisin/web-app/src/_styleguide/Styleguide.vue": {"path":"/Users/eleonorevoisin/web-app/src/_styleguide/Styleguide.vue","statementMap":{"0":{"start":{"line":34,"column":0},"end":{"line":null,"column":-1}},"1":{"start":{"line":42,"column":0},"end":{"line":null,"column":-1}}},"fnMap":{"0":{"name":"data","decl":{"start":{"line":41,"column":0},"end":{"line":null,"column":-1}},"loc":{"start":{"line":41,"column":0},"end":{"line":44,"column":0}}}},"branchMap":{},"s":{"0":0,"1":0},"f":{"0":0},"b":{}}
,"/Users/eleonorevoisin/web-app/src/components/ButtonAdd.vue": {"path":"/Users/eleonorevoisin/web-app/src/components/ButtonAdd.vue","statementMap":{"0":{"start":{"line":14,"column":0},"end":{"line":null,"column":-1}}},"fnMap":{"0":{"name":"data","decl":{"start":{"line":13,"column":0},"end":{"line":null,"column":-1}},"loc":{"start":{"line":13,"column":0},"end":{"line":17,"column":0}}}},"branchMap":{},"s":{"0":0},"f":{"0":0},"b":{}}
,"/Users/eleonorevoisin/web-app/src/components/ButtonListen.vue": {"path":"/Users/eleonorevoisin/web-app/src/components/ButtonListen.vue","statementMap":{"0":{"start":{"line":22,"column":0},"end":{"line":null,"column":-1}},"1":{"start":{"line":30,"column":0},"end":{"line":32,"column":0}},"2":{"start":{"line":31,"column":0},"end":{"line":null,"column":-1}},"3":{"start":{"line":37,"column":0},"end":{"line":null,"column":-1}},"4":{"start":{"line":38,"column":0},"end":{"line":null,"column":-1}},"5":{"start":{"line":42,"column":0},"end":{"line":null,"column":-1}},"6":{"start":{"line":45,"column":0},"end":{"line":null,"column":-1}}},"fnMap":{"0":{"name":"data","decl":{"start":{"line":21,"column":0},"end":{"line":null,"column":-1}},"loc":{"start":{"line":21,"column":0},"end":{"line":27,"column":0}}},"1":{"name":"handleScroll","decl":{"start":{"line":29,"column":0},"end":{"line":null,"column":-1}},"loc":{"start":{"line":29,"column":0},"end":{"line":33,"column":0}}},"2":{"name":"playTitle","decl":{"start":{"line":36,"column":0},"end":{"line":null,"column":-1}},"loc":{"start":{"line":36,"column":0},"end":{"line":39,"column":0}}},"3":{"name":"created","decl":{"start":{"line":41,"column":0},"end":{"line":null,"column":-1}},"loc":{"start":{"line":41,"column":0},"end":{"line":43,"column":0}}},"4":{"name":"destroyed","decl":{"start":{"line":44,"column":0},"end":{"line":null,"column":-1}},"loc":{"start":{"line":44,"column":0},"end":{"line":46,"column":0}}}},"branchMap":{"0":{"loc":{"start":{"line":30,"column":0},"end":{"line":32,"column":0}},"type":"if","locations":[{"start":{"line":30,"column":0},"end":{"line":32,"column":0}},{"start":{"line":30,"column":0},"end":{"line":32,"column":0}}]}},"s":{"0":0,"1":0,"2":0,"3":0,"4":0,"5":0,"6":0},"f":{"0":0,"1":0,"2":0,"3":0,"4":0},"b":{"0":[0,0]}}
,"/Users/eleonorevoisin/web-app/src/components/ButtonMAJ.vue": {"path":"/Users/eleonorevoisin/web-app/src/components/ButtonMAJ.vue","statementMap":{"0":{"start":{"line":13,"column":0},"end":{"line":null,"column":-1}}},"fnMap":{"0":{"name":"data","decl":{"start":{"line":12,"column":0},"end":{"line":null,"column":-1}},"loc":{"start":{"line":12,"column":0},"end":{"line":16,"column":0}}}},"branchMap":{},"s":{"0":0},"f":{"0":0},"b":{}}
,"/Users/eleonorevoisin/web-app/src/components/Header.vue": {"path":"/Users/eleonorevoisin/web-app/src/components/Header.vue","statementMap":{"0":{"start":{"line":25,"column":0},"end":{"line":null,"column":-1}}},"fnMap":{"0":{"name":"data","decl":{"start":{"line":24,"column":0},"end":{"line":null,"column":-1}},"loc":{"start":{"line":24,"column":0},"end":{"line":27,"column":0}}}},"branchMap":{},"s":{"0":0},"f":{"0":0},"b":{}}
,"/Users/eleonorevoisin/web-app/src/components/includes/mapsvg.vue": {"path":"/Users/eleonorevoisin/web-app/src/components/includes/mapsvg.vue","statementMap":{"0":{"start":{"line":236,"column":0},"end":{"line":null,"column":-1}},"1":{"start":{"line":241,"column":0},"end":{"line":null,"column":-1}},"2":{"start":{"line":245,"column":0},"end":{"line":null,"column":-1}}},"fnMap":{"0":{"name":"data","decl":{"start":{"line":235,"column":0},"end":{"line":null,"column":-1}},"loc":{"start":{"line":235,"column":0},"end":{"line":239,"column":0}}},"1":{"name":"mounted","decl":{"start":{"line":240,"column":0},"end":{"line":null,"column":-1}},"loc":{"start":{"line":240,"column":0},"end":{"line":242,"column":0}}},"2":{"name":"getClass","decl":{"start":{"line":244,"column":0},"end":{"line":null,"column":-1}},"loc":{"start":{"line":244,"column":0},"end":{"line":246,"column":0}}},"3":{"name":"getActive","decl":{"start":{"line":247,"column":0},"end":{"line":null,"column":-1}},"loc":{"start":{"line":247,"column":0},"end":{"line":null,"column":-1}}}},"branchMap":{"0":{"loc":{"start":{"line":245,"column":0},"end":{"line":null,"column":-1}},"type":"cond-expr","locations":[{"start":{"line":245,"column":0},"end":{"line":null,"column":-1}},{"start":{"line":245,"column":0},"end":{"line":null,"column":-1}}]}},"s":{"0":0,"1":0,"2":0},"f":{"0":0,"1":0,"2":0,"3":0},"b":{"0":[0,0]}}
}
