TN:
SF:/Users/eleonorevoisin/web-app/src/App.vue
FN:13,$route
FNF:1
FNH:0
FNDA:0,$route
DA:14,0
DA:15,0
DA:16,0
LF:3
LH:0
BRDA:16,0,0,0
BRDA:16,0,1,0
BRF:2
BRH:0
end_of_record
TN:
SF:/Users/eleonorevoisin/web-app/src/Arrondissements.vue
FNF:0
FNH:0
DA:28,0
LF:1
LH:0
BRF:0
BRH:0
end_of_record
TN:
SF:/Users/eleonorevoisin/web-app/src/Home.vue
FN:135,data
FN:154,created
FN:158,getListing
FN:167,(anonymous_5)
FN:176,openPlayer
FN:179,getName
FNF:6
FNH:0
FNDA:0,data
FNDA:0,created
FNDA:0,getListing
FNDA:0,(anonymous_5)
FNDA:0,openPlayer
FNDA:0,getName
DA:121,0
DA:123,0
DA:124,0
DA:126,0
DA:136,0
DA:155,0
DA:159,0
DA:160,0
DA:162,0
DA:163,0
DA:164,0
DA:165,0
DA:166,0
DA:167,0
DA:168,0
DA:177,0
DA:180,0
DA:181,0
DA:183,0
DA:185,0
LF:20
LH:0
BRDA:180,0,0,0
BRDA:180,0,1,0
BRDA:181,1,0,0
BRDA:181,1,1,0
BRF:4
BRH:0
end_of_record
TN:
SF:/Users/eleonorevoisin/web-app/src/Index.vue
FN:24,data
FNF:1
FNH:0
FNDA:0,data
DA:25,0
LF:1
LH:0
BRF:0
BRH:0
end_of_record
TN:
SF:/Users/eleonorevoisin/web-app/src/MusicList.vue
FN:101,data
FN:120,created
FN:124,getListing
FN:134,(anonymous_5)
FN:143,openPlayer
FN:146,getName
FN:156,$routeParamsId
FNF:7
FNH:0
FNDA:0,data
FNDA:0,created
FNDA:0,getListing
FNDA:0,(anonymous_5)
FNDA:0,openPlayer
FNDA:0,getName
FNDA:0,$routeParamsId
DA:85,0
DA:86,0
DA:88,0
DA:89,0
DA:91,0
DA:102,0
DA:121,0
DA:125,0
DA:126,0
DA:128,0
DA:129,0
DA:130,0
DA:131,0
DA:132,0
DA:133,0
DA:134,0
DA:135,0
DA:144,0
DA:147,0
DA:148,0
DA:150,0
DA:152,0
DA:157,0
LF:23
LH:0
BRDA:128,0,0,0
BRDA:128,0,1,0
BRDA:147,1,0,0
BRDA:147,1,1,0
BRDA:148,2,0,0
BRDA:148,2,1,0
BRF:6
BRH:0
end_of_record
TN:
SF:/Users/eleonorevoisin/web-app/src/Profil.vue
FN:50,data
FNF:1
FNH:0
FNDA:0,data
DA:41,0
DA:42,0
DA:51,0
LF:3
LH:0
BRF:0
BRH:0
end_of_record
TN:
SF:/Users/eleonorevoisin/web-app/src/_styleguide/Styleguide.vue
FN:41,data
FNF:1
FNH:0
FNDA:0,data
DA:34,0
DA:42,0
LF:2
LH:0
BRF:0
BRH:0
end_of_record
TN:
SF:/Users/eleonorevoisin/web-app/src/components/ButtonAdd.vue
FN:13,data
FNF:1
FNH:0
FNDA:0,data
DA:14,0
LF:1
LH:0
BRF:0
BRH:0
end_of_record
TN:
SF:/Users/eleonorevoisin/web-app/src/components/ButtonListen.vue
FN:21,data
FN:29,handleScroll
FN:36,playTitle
FN:41,created
FN:44,destroyed
FNF:5
FNH:0
FNDA:0,data
FNDA:0,handleScroll
FNDA:0,playTitle
FNDA:0,created
FNDA:0,destroyed
DA:22,0
DA:30,0
DA:31,0
DA:37,0
DA:38,0
DA:42,0
DA:45,0
LF:7
LH:0
BRDA:30,0,0,0
BRDA:30,0,1,0
BRF:2
BRH:0
end_of_record
TN:
SF:/Users/eleonorevoisin/web-app/src/components/ButtonMAJ.vue
FN:12,data
FNF:1
FNH:0
FNDA:0,data
DA:13,0
LF:1
LH:0
BRF:0
BRH:0
end_of_record
TN:
SF:/Users/eleonorevoisin/web-app/src/components/Header.vue
FN:24,data
FNF:1
FNH:0
FNDA:0,data
DA:25,0
LF:1
LH:0
BRF:0
BRH:0
end_of_record
TN:
SF:/Users/eleonorevoisin/web-app/src/components/includes/mapsvg.vue
FN:235,data
FN:240,mounted
FN:244,getClass
FN:247,getActive
FNF:4
FNH:0
FNDA:0,data
FNDA:0,mounted
FNDA:0,getClass
FNDA:0,getActive
DA:236,0
DA:241,0
DA:245,0
LF:3
LH:0
BRDA:245,0,0,0
BRDA:245,0,1,0
BRF:2
BRH:0
end_of_record
